<?xml version="1.0" encoding="UTF-8"?>
<!-- Generated by org.testng.reporters.JUnitXMLReporter -->
<testsuite hostname="ATMECSINDT-080" ignored="0" name="Test" tests="7" failures="0" timestamp="12 Nov 2019 13:07:52 GMT" time="32.968" errors="0">
  <testcase name="setup" time="16.494" classname="com.org.task1.testbase.InvokeBrowser"/>
  <testcase name="clickSearchButton" time="0.565" classname="com.org.task1.testscripts.Homepage"/>
  <testcase name="enterData" time="6.047" classname="com.org.task1.testscripts.CartActions"/>
  <testcase name="enterData" time="3.211" classname="com.org.task1.testscripts.CartActions"/>
  <testcase name="validateCartAfterAdd" time="1.948" classname="com.org.task1.testscripts.CartActions"/>
  <testcase name="validateAfterRemove" time="0.962" classname="com.org.task1.testscripts.CartActions"/>
  <testcase name="negativeTestCase" time="0.91" classname="com.org.task1.testscripts.CartActions"/>
</testsuite> <!-- Test -->
